<?xml version="1.0" encoding="UTF-8"?>
<!-- Generated by org.testng.reporters.JUnitReportReporter -->
<testsuite hostname="liangdeMacBook-Pro.local" name="com.young.appiumcombat.testcases.ios.electronicinvoice.iOS_EletronicInvoicePage_001_UiCheck_Test" tests="5" failures="0" timestamp="27 May 2017 10:38:09 GMT" time="167.291" errors="0">
  <testcase name="Case_001_intoEletronicInvoicePage" time="13.029" classname="com.young.appiumcombat.testcases.ios.electronicinvoice.iOS_EletronicInvoicePage_001_UiCheck_Test"/>
  <testcase name="Case_004_BackToSumitPage" time="7.656" classname="com.young.appiumcombat.testcases.ios.electronicinvoice.iOS_EletronicInvoicePage_001_UiCheck_Test"/>
  <testcase name="Case_003_EnableElectronicInvoice" time="113.653" classname="com.young.appiumcombat.testcases.ios.electronicinvoice.iOS_EletronicInvoicePage_001_UiCheck_Test"/>
  <testcase name="Case_002_EletronicInvoicePageUiCheck" time="23.456" classname="com.young.appiumcombat.testcases.ios.electronicinvoice.iOS_EletronicInvoicePage_001_UiCheck_Test"/>
  <testcase name="Case_005_BackToHomePage" time="9.497" classname="com.young.appiumcombat.testcases.ios.electronicinvoice.iOS_EletronicInvoicePage_001_UiCheck_Test"/>
</testsuite> <!-- com.young.appiumcombat.testcases.ios.electronicinvoice.iOS_EletronicInvoicePage_001_UiCheck_Test -->
